{"/Volumes/SSD_DOCK/projetos-novos/rocketseat/react-native/gofinances/src/components/Form/Button/index.tsx": {"path":"/Volumes/SSD_DOCK/projetos-novos/rocketseat/react-native/gofinances/src/components/Form/Button/index.tsx","statementMap":{"0":{"start":{"line":11,"column":32},"end":{"line":19,"column":1}},"1":{"start":{"line":12,"column":2},"end":{"line":18,"column":4}}},"fnMap":{"0":{"name":"(anonymous_0)","decl":{"start":{"line":11,"column":32},"end":{"line":11,"column":33}},"loc":{"start":{"line":11,"column":65},"end":{"line":19,"column":1}},"line":11}},"branchMap":{},"s":{"0":1,"1":3},"f":{"0":3},"b":{},"_coverageSchema":"1a1c01bbd47fc00a2c39e90264f33305004495a9","hash":"654b343210d508cd68dd3301f5f4019b79a3f15c"}
,"/Volumes/SSD_DOCK/projetos-novos/rocketseat/react-native/gofinances/src/components/Form/Button/styles.ts": {"path":"/Volumes/SSD_DOCK/projetos-novos/rocketseat/react-native/gofinances/src/components/Form/Button/styles.ts","statementMap":{"0":{"start":{"line":5,"column":25},"end":{"line":11,"column":1}},"1":{"start":{"line":7,"column":37},"end":{"line":7,"column":59}},"2":{"start":{"line":13,"column":21},"end":{"line":17,"column":1}},"3":{"start":{"line":14,"column":32},"end":{"line":14,"column":50}},"4":{"start":{"line":15,"column":26},"end":{"line":15,"column":44}}},"fnMap":{"0":{"name":"(anonymous_0)","decl":{"start":{"line":7,"column":22},"end":{"line":7,"column":23}},"loc":{"start":{"line":7,"column":37},"end":{"line":7,"column":59}},"line":7},"1":{"name":"(anonymous_1)","decl":{"start":{"line":14,"column":17},"end":{"line":14,"column":18}},"loc":{"start":{"line":14,"column":32},"end":{"line":14,"column":50}},"line":14},"2":{"name":"(anonymous_2)","decl":{"start":{"line":15,"column":11},"end":{"line":15,"column":12}},"loc":{"start":{"line":15,"column":26},"end":{"line":15,"column":44}},"line":15}},"branchMap":{},"s":{"0":1,"1":3,"2":1,"3":3,"4":3},"f":{"0":3,"1":3,"2":3},"b":{},"_coverageSchema":"1a1c01bbd47fc00a2c39e90264f33305004495a9","hash":"bc2617f663cab1aa1ab81ee8def415c50cca7f91"}
,"/Volumes/SSD_DOCK/projetos-novos/rocketseat/react-native/gofinances/src/components/Form/CategorySelectButton/index.tsx": {"path":"/Volumes/SSD_DOCK/projetos-novos/rocketseat/react-native/gofinances/src/components/Form/CategorySelectButton/index.tsx","statementMap":{"0":{"start":{"line":11,"column":46},"end":{"line":20,"column":1}},"1":{"start":{"line":12,"column":2},"end":{"line":19,"column":4}}},"fnMap":{"0":{"name":"(anonymous_0)","decl":{"start":{"line":11,"column":46},"end":{"line":11,"column":47}},"loc":{"start":{"line":11,"column":78},"end":{"line":20,"column":1}},"line":11}},"branchMap":{},"s":{"0":1,"1":2},"f":{"0":2},"b":{},"_coverageSchema":"1a1c01bbd47fc00a2c39e90264f33305004495a9","hash":"815d77b416e255f3d7915da6e151d08b3e105439"}
,"/Volumes/SSD_DOCK/projetos-novos/rocketseat/react-native/gofinances/src/components/Form/CategorySelectButton/styles.ts": {"path":"/Volumes/SSD_DOCK/projetos-novos/rocketseat/react-native/gofinances/src/components/Form/CategorySelectButton/styles.ts","statementMap":{"0":{"start":{"line":6,"column":25},"end":{"line":15,"column":1}},"1":{"start":{"line":9,"column":37},"end":{"line":9,"column":55}},"2":{"start":{"line":17,"column":21},"end":{"line":20,"column":1}},"3":{"start":{"line":18,"column":32},"end":{"line":18,"column":51}},"4":{"start":{"line":22,"column":20},"end":{"line":25,"column":1}},"5":{"start":{"line":24,"column":26},"end":{"line":24,"column":43}}},"fnMap":{"0":{"name":"(anonymous_0)","decl":{"start":{"line":9,"column":22},"end":{"line":9,"column":23}},"loc":{"start":{"line":9,"column":37},"end":{"line":9,"column":55}},"line":9},"1":{"name":"(anonymous_1)","decl":{"start":{"line":18,"column":17},"end":{"line":18,"column":18}},"loc":{"start":{"line":18,"column":32},"end":{"line":18,"column":51}},"line":18},"2":{"name":"(anonymous_2)","decl":{"start":{"line":24,"column":11},"end":{"line":24,"column":12}},"loc":{"start":{"line":24,"column":26},"end":{"line":24,"column":43}},"line":24}},"branchMap":{},"s":{"0":1,"1":2,"2":1,"3":2,"4":1,"5":2},"f":{"0":2,"1":2,"2":2},"b":{},"_coverageSchema":"1a1c01bbd47fc00a2c39e90264f33305004495a9","hash":"28a2a928a949289122fddb61f56e9987be492f72"}
,"/Volumes/SSD_DOCK/projetos-novos/rocketseat/react-native/gofinances/src/components/Form/Input/index.tsx": {"path":"/Volumes/SSD_DOCK/projetos-novos/rocketseat/react-native/gofinances/src/components/Form/Input/index.tsx","statementMap":{"0":{"start":{"line":10,"column":31},"end":{"line":14,"column":1}},"1":{"start":{"line":11,"column":2},"end":{"line":13,"column":4}}},"fnMap":{"0":{"name":"(anonymous_0)","decl":{"start":{"line":10,"column":31},"end":{"line":10,"column":32}},"loc":{"start":{"line":10,"column":64},"end":{"line":14,"column":1}},"line":10}},"branchMap":{"0":{"loc":{"start":{"line":10,"column":34},"end":{"line":10,"column":48}},"type":"default-arg","locations":[{"start":{"line":10,"column":43},"end":{"line":10,"column":48}}],"line":10}},"s":{"0":2,"1":5},"f":{"0":5},"b":{"0":[4]},"_coverageSchema":"1a1c01bbd47fc00a2c39e90264f33305004495a9","hash":"6fe3c509eec90d325c1d744aac05eeecd06c9aee"}
,"/Volumes/SSD_DOCK/projetos-novos/rocketseat/react-native/gofinances/src/components/Form/Input/styles.ts": {"path":"/Volumes/SSD_DOCK/projetos-novos/rocketseat/react-native/gofinances/src/components/Form/Input/styles.ts","statementMap":{"0":{"start":{"line":9,"column":25},"end":{"line":23,"column":1}},"1":{"start":{"line":12,"column":32},"end":{"line":12,"column":51}},"2":{"start":{"line":13,"column":26},"end":{"line":13,"column":48}},"3":{"start":{"line":15,"column":37},"end":{"line":15,"column":55}},"4":{"start":{"line":19,"column":27},"end":{"line":22,"column":3}}},"fnMap":{"0":{"name":"(anonymous_0)","decl":{"start":{"line":12,"column":17},"end":{"line":12,"column":18}},"loc":{"start":{"line":12,"column":32},"end":{"line":12,"column":51}},"line":12},"1":{"name":"(anonymous_1)","decl":{"start":{"line":13,"column":11},"end":{"line":13,"column":12}},"loc":{"start":{"line":13,"column":26},"end":{"line":13,"column":48}},"line":13},"2":{"name":"(anonymous_2)","decl":{"start":{"line":15,"column":22},"end":{"line":15,"column":23}},"loc":{"start":{"line":15,"column":37},"end":{"line":15,"column":55}},"line":15},"3":{"name":"(anonymous_3)","decl":{"start":{"line":19,"column":4},"end":{"line":19,"column":5}},"loc":{"start":{"line":19,"column":27},"end":{"line":22,"column":3}},"line":19}},"branchMap":{"0":{"loc":{"start":{"line":19,"column":27},"end":{"line":22,"column":3}},"type":"binary-expr","locations":[{"start":{"line":19,"column":27},"end":{"line":19,"column":33}},{"start":{"line":19,"column":37},"end":{"line":22,"column":3}}],"line":19}},"s":{"0":2,"1":5,"2":5,"3":5,"4":5},"f":{"0":5,"1":5,"2":5,"3":5},"b":{"0":[5,1]},"_coverageSchema":"1a1c01bbd47fc00a2c39e90264f33305004495a9","hash":"b017cfaca095df8d15a749a8097ef2d5bd559a9c"}
,"/Volumes/SSD_DOCK/projetos-novos/rocketseat/react-native/gofinances/src/components/Form/InputForm/index.tsx": {"path":"/Volumes/SSD_DOCK/projetos-novos/rocketseat/react-native/gofinances/src/components/Form/InputForm/index.tsx","statementMap":{"0":{"start":{"line":14,"column":35},"end":{"line":41,"column":1}},"1":{"start":{"line":20,"column":2},"end":{"line":40,"column":4}},"2":{"start":{"line":25,"column":10},"end":{"line":29,"column":10}}},"fnMap":{"0":{"name":"(anonymous_0)","decl":{"start":{"line":14,"column":35},"end":{"line":14,"column":36}},"loc":{"start":{"line":19,"column":6},"end":{"line":41,"column":1}},"line":19},"1":{"name":"(anonymous_1)","decl":{"start":{"line":24,"column":16},"end":{"line":24,"column":17}},"loc":{"start":{"line":25,"column":10},"end":{"line":29,"column":10}},"line":25}},"branchMap":{"0":{"loc":{"start":{"line":33,"column":7},"end":{"line":38,"column":7}},"type":"binary-expr","locations":[{"start":{"line":33,"column":7},"end":{"line":33,"column":12}},{"start":{"line":35,"column":8},"end":{"line":37,"column":16}}],"line":33}},"s":{"0":1,"1":4,"2":4},"f":{"0":4,"1":4},"b":{"0":[4,0]},"_coverageSchema":"1a1c01bbd47fc00a2c39e90264f33305004495a9","hash":"bb53b949beebccfa2c1ae33b16cc7958f7a1e51a"}
,"/Volumes/SSD_DOCK/projetos-novos/rocketseat/react-native/gofinances/src/components/Form/InputForm/styles.ts": {"path":"/Volumes/SSD_DOCK/projetos-novos/rocketseat/react-native/gofinances/src/components/Form/InputForm/styles.ts","statementMap":{"0":{"start":{"line":4,"column":25},"end":{"line":6,"column":1}},"1":{"start":{"line":8,"column":21},"end":{"line":13,"column":1}},"2":{"start":{"line":10,"column":32},"end":{"line":10,"column":51}},"3":{"start":{"line":11,"column":26},"end":{"line":11,"column":48}}},"fnMap":{"0":{"name":"(anonymous_0)","decl":{"start":{"line":10,"column":17},"end":{"line":10,"column":18}},"loc":{"start":{"line":10,"column":32},"end":{"line":10,"column":51}},"line":10},"1":{"name":"(anonymous_1)","decl":{"start":{"line":11,"column":11},"end":{"line":11,"column":12}},"loc":{"start":{"line":11,"column":26},"end":{"line":11,"column":48}},"line":11}},"branchMap":{},"s":{"0":1,"1":1,"2":0,"3":0},"f":{"0":0,"1":0},"b":{},"_coverageSchema":"1a1c01bbd47fc00a2c39e90264f33305004495a9","hash":"ef1f6b586855308ea4024e09a904292401b708ad"}
,"/Volumes/SSD_DOCK/projetos-novos/rocketseat/react-native/gofinances/src/components/Form/TransactionTypeButton/index.tsx": {"path":"/Volumes/SSD_DOCK/projetos-novos/rocketseat/react-native/gofinances/src/components/Form/TransactionTypeButton/index.tsx","statementMap":{"0":{"start":{"line":15,"column":47},"end":{"line":33,"column":1}},"1":{"start":{"line":21,"column":16},"end":{"line":24,"column":3}},"2":{"start":{"line":25,"column":2},"end":{"line":32,"column":4}}},"fnMap":{"0":{"name":"(anonymous_0)","decl":{"start":{"line":15,"column":47},"end":{"line":15,"column":48}},"loc":{"start":{"line":20,"column":6},"end":{"line":33,"column":1}},"line":20}},"branchMap":{},"s":{"0":1,"1":4,"2":4},"f":{"0":4},"b":{},"_coverageSchema":"1a1c01bbd47fc00a2c39e90264f33305004495a9","hash":"d5e7e605fc0c9b8feb7406e2cbcf2a47107e782b"}
,"/Volumes/SSD_DOCK/projetos-novos/rocketseat/react-native/gofinances/src/components/Form/TransactionTypeButton/styles.ts": {"path":"/Volumes/SSD_DOCK/projetos-novos/rocketseat/react-native/gofinances/src/components/Form/TransactionTypeButton/styles.ts","statementMap":{"0":{"start":{"line":14,"column":25},"end":{"line":36,"column":1}},"1":{"start":{"line":19,"column":39},"end":{"line":19,"column":56}},"2":{"start":{"line":24,"column":2},"end":{"line":27,"column":3}},"3":{"start":{"line":25,"column":39},"end":{"line":25,"column":65}},"4":{"start":{"line":31,"column":2},"end":{"line":34,"column":3}},"5":{"start":{"line":32,"column":39},"end":{"line":32,"column":67}},"6":{"start":{"line":38,"column":20},"end":{"line":44,"column":1}},"7":{"start":{"line":41,"column":32},"end":{"line":43,"column":28}},"8":{"start":{"line":46,"column":21},"end":{"line":49,"column":1}},"9":{"start":{"line":47,"column":32},"end":{"line":47,"column":51}}},"fnMap":{"0":{"name":"(anonymous_0)","decl":{"start":{"line":19,"column":24},"end":{"line":19,"column":25}},"loc":{"start":{"line":19,"column":39},"end":{"line":19,"column":56}},"line":19},"1":{"name":"(anonymous_1)","decl":{"start":{"line":23,"column":4},"end":{"line":23,"column":5}},"loc":{"start":{"line":24,"column":2},"end":{"line":27,"column":3}},"line":24},"2":{"name":"(anonymous_2)","decl":{"start":{"line":25,"column":24},"end":{"line":25,"column":25}},"loc":{"start":{"line":25,"column":39},"end":{"line":25,"column":65}},"line":25},"3":{"name":"(anonymous_3)","decl":{"start":{"line":30,"column":2},"end":{"line":30,"column":3}},"loc":{"start":{"line":31,"column":2},"end":{"line":34,"column":3}},"line":31},"4":{"name":"(anonymous_4)","decl":{"start":{"line":32,"column":24},"end":{"line":32,"column":25}},"loc":{"start":{"line":32,"column":39},"end":{"line":32,"column":67}},"line":32},"5":{"name":"(anonymous_5)","decl":{"start":{"line":41,"column":11},"end":{"line":41,"column":12}},"loc":{"start":{"line":41,"column":32},"end":{"line":43,"column":28}},"line":41},"6":{"name":"(anonymous_6)","decl":{"start":{"line":47,"column":17},"end":{"line":47,"column":18}},"loc":{"start":{"line":47,"column":32},"end":{"line":47,"column":51}},"line":47}},"branchMap":{"0":{"loc":{"start":{"line":24,"column":2},"end":{"line":27,"column":3}},"type":"binary-expr","locations":[{"start":{"line":24,"column":2},"end":{"line":24,"column":10}},{"start":{"line":24,"column":14},"end":{"line":24,"column":27}},{"start":{"line":24,"column":31},"end":{"line":27,"column":3}}],"line":24},"1":{"loc":{"start":{"line":31,"column":2},"end":{"line":34,"column":3}},"type":"binary-expr","locations":[{"start":{"line":31,"column":2},"end":{"line":31,"column":10}},{"start":{"line":31,"column":14},"end":{"line":31,"column":29}},{"start":{"line":31,"column":33},"end":{"line":34,"column":3}}],"line":31},"2":{"loc":{"start":{"line":41,"column":32},"end":{"line":43,"column":28}},"type":"cond-expr","locations":[{"start":{"line":42,"column":6},"end":{"line":42,"column":26}},{"start":{"line":43,"column":6},"end":{"line":43,"column":28}}],"line":41}},"s":{"0":1,"1":4,"2":4,"3":0,"4":4,"5":0,"6":1,"7":4,"8":1,"9":4},"f":{"0":4,"1":4,"2":0,"3":4,"4":0,"5":4,"6":4},"b":{"0":[4,0,0],"1":[4,0,0],"2":[2,2]},"_coverageSchema":"1a1c01bbd47fc00a2c39e90264f33305004495a9","hash":"f16bc637edc343be5bc48a631e839fec3bf4de41"}
,"/Volumes/SSD_DOCK/projetos-novos/rocketseat/react-native/gofinances/src/global/styles/theme.ts": {"path":"/Volumes/SSD_DOCK/projetos-novos/rocketseat/react-native/gofinances/src/global/styles/theme.ts","statementMap":{},"fnMap":{},"branchMap":{},"s":{},"f":{},"b":{},"_coverageSchema":"1a1c01bbd47fc00a2c39e90264f33305004495a9","hash":"cd6fcf6b17a5371bbc086b381fc59b63ee8a721e"}
,"/Volumes/SSD_DOCK/projetos-novos/rocketseat/react-native/gofinances/src/hooks/auth.tsx": {"path":"/Volumes/SSD_DOCK/projetos-novos/rocketseat/react-native/gofinances/src/hooks/auth.tsx","statementMap":{"0":{"start":{"line":2,"column":22},"end":{"line":2,"column":33}},"1":{"start":{"line":3,"column":25},"end":{"line":3,"column":36}},"2":{"start":{"line":35,"column":20},"end":{"line":35,"column":56}},"3":{"start":{"line":38,"column":26},"end":{"line":38,"column":52}},"4":{"start":{"line":39,"column":53},"end":{"line":39,"column":76}},"5":{"start":{"line":42,"column":4},"end":{"line":69,"column":5}},"6":{"start":{"line":43,"column":28},"end":{"line":43,"column":35}},"7":{"start":{"line":44,"column":21},"end":{"line":44,"column":47}},"8":{"start":{"line":46,"column":24},"end":{"line":46,"column":124}},"9":{"start":{"line":47,"column":22},"end":{"line":47,"column":81}},"10":{"start":{"line":49,"column":31},"end":{"line":49,"column":97}},"11":{"start":{"line":51,"column":6},"end":{"line":64,"column":7}},"12":{"start":{"line":52,"column":24},"end":{"line":52,"column":129}},"13":{"start":{"line":53,"column":25},"end":{"line":53,"column":45}},"14":{"start":{"line":55,"column":27},"end":{"line":60,"column":9}},"15":{"start":{"line":62,"column":8},"end":{"line":62,"column":28}},"16":{"start":{"line":63,"column":8},"end":{"line":63,"column":83}},"17":{"start":{"line":68,"column":6},"end":{"line":68,"column":39}},"18":{"start":{"line":73,"column":4},"end":{"line":98,"column":5}},"19":{"start":{"line":74,"column":25},"end":{"line":79,"column":8}},"20":{"start":{"line":81,"column":6},"end":{"line":94,"column":7}},"21":{"start":{"line":82,"column":21},"end":{"line":82,"column":52}},"22":{"start":{"line":83,"column":22},"end":{"line":83,"column":73}},"23":{"start":{"line":85,"column":27},"end":{"line":90,"column":9}},"24":{"start":{"line":92,"column":8},"end":{"line":92,"column":28}},"25":{"start":{"line":93,"column":8},"end":{"line":93,"column":83}},"26":{"start":{"line":97,"column":6},"end":{"line":97,"column":39}},"27":{"start":{"line":102,"column":4},"end":{"line":102,"column":24}},"28":{"start":{"line":103,"column":4},"end":{"line":103,"column":54}},"29":{"start":{"line":106,"column":2},"end":{"line":116,"column":9}},"30":{"start":{"line":108,"column":26},"end":{"line":108,"column":72}},"31":{"start":{"line":109,"column":6},"end":{"line":112,"column":7}},"32":{"start":{"line":110,"column":27},"end":{"line":110,"column":58}},"33":{"start":{"line":111,"column":8},"end":{"line":111,"column":28}},"34":{"start":{"line":113,"column":6},"end":{"line":113,"column":35}},"35":{"start":{"line":115,"column":4},"end":{"line":115,"column":26}},"36":{"start":{"line":119,"column":2},"end":{"line":123,"column":4}},"37":{"start":{"line":127,"column":18},"end":{"line":127,"column":41}},"38":{"start":{"line":128,"column":2},"end":{"line":128,"column":17}}},"fnMap":{"0":{"name":"AuthProvider","decl":{"start":{"line":37,"column":9},"end":{"line":37,"column":21}},"loc":{"start":{"line":37,"column":55},"end":{"line":124,"column":1}},"line":37},"1":{"name":"signInWithGoogle","decl":{"start":{"line":41,"column":17},"end":{"line":41,"column":33}},"loc":{"start":{"line":41,"column":36},"end":{"line":70,"column":3}},"line":41},"2":{"name":"signInWithApple","decl":{"start":{"line":72,"column":17},"end":{"line":72,"column":32}},"loc":{"start":{"line":72,"column":35},"end":{"line":99,"column":3}},"line":72},"3":{"name":"signOut","decl":{"start":{"line":101,"column":17},"end":{"line":101,"column":24}},"loc":{"start":{"line":101,"column":27},"end":{"line":104,"column":3}},"line":101},"4":{"name":"(anonymous_4)","decl":{"start":{"line":106,"column":12},"end":{"line":106,"column":13}},"loc":{"start":{"line":106,"column":18},"end":{"line":116,"column":3}},"line":106},"5":{"name":"loadUserStorageData","decl":{"start":{"line":107,"column":19},"end":{"line":107,"column":38}},"loc":{"start":{"line":107,"column":40},"end":{"line":114,"column":5}},"line":107},"6":{"name":"useAuth","decl":{"start":{"line":126,"column":9},"end":{"line":126,"column":16}},"loc":{"start":{"line":126,"column":19},"end":{"line":129,"column":1}},"line":126}},"branchMap":{"0":{"loc":{"start":{"line":51,"column":6},"end":{"line":64,"column":7}},"type":"if","locations":[{"start":{"line":51,"column":6},"end":{"line":64,"column":7}},{"start":{},"end":{}}],"line":51},"1":{"loc":{"start":{"line":81,"column":6},"end":{"line":94,"column":7}},"type":"if","locations":[{"start":{"line":81,"column":6},"end":{"line":94,"column":7}},{"start":{},"end":{}}],"line":81},"2":{"loc":{"start":{"line":109,"column":6},"end":{"line":112,"column":7}},"type":"if","locations":[{"start":{"line":109,"column":6},"end":{"line":112,"column":7}},{"start":{},"end":{}}],"line":109}},"s":{"0":2,"1":2,"2":2,"3":3,"4":3,"5":1,"6":1,"7":1,"8":1,"9":1,"10":1,"11":1,"12":1,"13":1,"14":1,"15":1,"16":1,"17":0,"18":0,"19":0,"20":0,"21":0,"22":0,"23":0,"24":0,"25":0,"26":0,"27":0,"28":0,"29":3,"30":2,"31":0,"32":0,"33":0,"34":0,"35":2,"36":3,"37":4,"38":4},"f":{"0":3,"1":1,"2":0,"3":0,"4":2,"5":2,"6":4},"b":{"0":[1,0],"1":[0,0],"2":[0,0]},"_coverageSchema":"1a1c01bbd47fc00a2c39e90264f33305004495a9","hash":"3f44066e96a858a966c288d9b69898929cd37f7e"}
,"/Volumes/SSD_DOCK/projetos-novos/rocketseat/react-native/gofinances/src/screens/CategorySelect/index.tsx": {"path":"/Volumes/SSD_DOCK/projetos-novos/rocketseat/react-native/gofinances/src/screens/CategorySelect/index.tsx","statementMap":{"0":{"start":{"line":28,"column":40},"end":{"line":62,"column":1}},"1":{"start":{"line":33,"column":32},"end":{"line":35,"column":19}},"2":{"start":{"line":34,"column":4},"end":{"line":34,"column":26}},"3":{"start":{"line":37,"column":2},"end":{"line":61,"column":4}},"4":{"start":{"line":45,"column":32},"end":{"line":45,"column":40}},"5":{"start":{"line":47,"column":10},"end":{"line":53,"column":21}},"6":{"start":{"line":48,"column":27},"end":{"line":48,"column":53}},"7":{"start":{"line":55,"column":38},"end":{"line":55,"column":51}}},"fnMap":{"0":{"name":"(anonymous_0)","decl":{"start":{"line":28,"column":40},"end":{"line":28,"column":41}},"loc":{"start":{"line":32,"column":6},"end":{"line":62,"column":1}},"line":32},"1":{"name":"(anonymous_1)","decl":{"start":{"line":33,"column":44},"end":{"line":33,"column":45}},"loc":{"start":{"line":33,"column":72},"end":{"line":35,"column":3}},"line":33},"2":{"name":"(anonymous_2)","decl":{"start":{"line":45,"column":22},"end":{"line":45,"column":23}},"loc":{"start":{"line":45,"column":32},"end":{"line":45,"column":40}},"line":45},"3":{"name":"(anonymous_3)","decl":{"start":{"line":46,"column":20},"end":{"line":46,"column":21}},"loc":{"start":{"line":47,"column":10},"end":{"line":53,"column":21}},"line":47},"4":{"name":"(anonymous_4)","decl":{"start":{"line":48,"column":21},"end":{"line":48,"column":22}},"loc":{"start":{"line":48,"column":27},"end":{"line":48,"column":53}},"line":48},"5":{"name":"(anonymous_5)","decl":{"start":{"line":55,"column":32},"end":{"line":55,"column":33}},"loc":{"start":{"line":55,"column":38},"end":{"line":55,"column":51}},"line":55}},"branchMap":{},"s":{"0":1,"1":1,"2":0,"3":1,"4":6,"5":6,"6":0,"7":5},"f":{"0":1,"1":0,"2":6,"3":6,"4":0,"5":5},"b":{},"_coverageSchema":"1a1c01bbd47fc00a2c39e90264f33305004495a9","hash":"44d7784b6936712633a206435cfb28950ffec06d"}
,"/Volumes/SSD_DOCK/projetos-novos/rocketseat/react-native/gofinances/src/screens/CategorySelect/styles.ts": {"path":"/Volumes/SSD_DOCK/projetos-novos/rocketseat/react-native/gofinances/src/screens/CategorySelect/styles.ts","statementMap":{"0":{"start":{"line":6,"column":25},"end":{"line":9,"column":1}},"1":{"start":{"line":8,"column":37},"end":{"line":8,"column":60}},"2":{"start":{"line":11,"column":22},"end":{"line":19,"column":1}},"3":{"start":{"line":14,"column":37},"end":{"line":14,"column":57}},"4":{"start":{"line":21,"column":21},"end":{"line":25,"column":1}},"5":{"start":{"line":22,"column":33},"end":{"line":22,"column":52}},"6":{"start":{"line":23,"column":27},"end":{"line":23,"column":45}},"7":{"start":{"line":31,"column":24},"end":{"line":40,"column":1}},"8":{"start":{"line":38,"column":2},"end":{"line":38,"column":67}},"9":{"start":{"line":42,"column":20},"end":{"line":45,"column":1}},"10":{"start":{"line":47,"column":20},"end":{"line":50,"column":1}},"11":{"start":{"line":48,"column":33},"end":{"line":48,"column":52}},"12":{"start":{"line":52,"column":25},"end":{"line":56,"column":1}},"13":{"start":{"line":55,"column":37},"end":{"line":55,"column":54}},"14":{"start":{"line":58,"column":22},"end":{"line":61,"column":1}}},"fnMap":{"0":{"name":"(anonymous_0)","decl":{"start":{"line":8,"column":22},"end":{"line":8,"column":23}},"loc":{"start":{"line":8,"column":37},"end":{"line":8,"column":60}},"line":8},"1":{"name":"(anonymous_1)","decl":{"start":{"line":14,"column":22},"end":{"line":14,"column":23}},"loc":{"start":{"line":14,"column":37},"end":{"line":14,"column":57}},"line":14},"2":{"name":"(anonymous_2)","decl":{"start":{"line":22,"column":18},"end":{"line":22,"column":19}},"loc":{"start":{"line":22,"column":33},"end":{"line":22,"column":52}},"line":22},"3":{"name":"(anonymous_3)","decl":{"start":{"line":23,"column":12},"end":{"line":23,"column":13}},"loc":{"start":{"line":23,"column":27},"end":{"line":23,"column":45}},"line":23},"4":{"name":"(anonymous_4)","decl":{"start":{"line":37,"column":22},"end":{"line":37,"column":23}},"loc":{"start":{"line":38,"column":2},"end":{"line":38,"column":67}},"line":38},"5":{"name":"(anonymous_5)","decl":{"start":{"line":48,"column":18},"end":{"line":48,"column":19}},"loc":{"start":{"line":48,"column":33},"end":{"line":48,"column":52}},"line":48},"6":{"name":"(anonymous_6)","decl":{"start":{"line":55,"column":22},"end":{"line":55,"column":23}},"loc":{"start":{"line":55,"column":37},"end":{"line":55,"column":54}},"line":55}},"branchMap":{"0":{"loc":{"start":{"line":38,"column":2},"end":{"line":38,"column":67}},"type":"cond-expr","locations":[{"start":{"line":38,"column":13},"end":{"line":38,"column":41}},{"start":{"line":38,"column":44},"end":{"line":38,"column":67}}],"line":38}},"s":{"0":1,"1":1,"2":1,"3":1,"4":1,"5":1,"6":1,"7":1,"8":6,"9":1,"10":1,"11":6,"12":1,"13":5,"14":1},"f":{"0":1,"1":1,"2":1,"3":1,"4":6,"5":6,"6":5},"b":{"0":[0,6]},"_coverageSchema":"1a1c01bbd47fc00a2c39e90264f33305004495a9","hash":"3d6ab7a020b05c6573dfa985634affb695655e25"}
,"/Volumes/SSD_DOCK/projetos-novos/rocketseat/react-native/gofinances/src/screens/Profile/index.tsx": {"path":"/Volumes/SSD_DOCK/projetos-novos/rocketseat/react-native/gofinances/src/screens/Profile/index.tsx","statementMap":{"0":{"start":{"line":10,"column":2},"end":{"line":29,"column":4}}},"fnMap":{"0":{"name":"Profile","decl":{"start":{"line":9,"column":16},"end":{"line":9,"column":23}},"loc":{"start":{"line":9,"column":26},"end":{"line":30,"column":1}},"line":9},"1":{"name":"(anonymous_1)","decl":{"start":{"line":26,"column":17},"end":{"line":26,"column":18}},"loc":{"start":{"line":26,"column":23},"end":{"line":26,"column":25}},"line":26}},"branchMap":{},"s":{"0":3},"f":{"0":3,"1":0},"b":{},"_coverageSchema":"1a1c01bbd47fc00a2c39e90264f33305004495a9","hash":"469f168a367ce6d4220f71615336229c5f77de05"}
,"/Volumes/SSD_DOCK/projetos-novos/rocketseat/react-native/gofinances/src/screens/Register/index.tsx": {"path":"/Volumes/SSD_DOCK/projetos-novos/rocketseat/react-native/gofinances/src/screens/Register/index.tsx","statementMap":{"0":{"start":{"line":30,"column":15},"end":{"line":39,"column":2}},"1":{"start":{"line":41,"column":27},"end":{"line":178,"column":1}},"2":{"start":{"line":42,"column":34},"end":{"line":45,"column":4}},"3":{"start":{"line":46,"column":48},"end":{"line":46,"column":60}},"4":{"start":{"line":47,"column":52},"end":{"line":47,"column":67}},"5":{"start":{"line":48,"column":21},"end":{"line":48,"column":36}},"6":{"start":{"line":49,"column":19},"end":{"line":49,"column":28}},"7":{"start":{"line":51,"column":18},"end":{"line":51,"column":60}},"8":{"start":{"line":58,"column":6},"end":{"line":60,"column":4}},"9":{"start":{"line":62,"column":23},"end":{"line":62,"column":70}},"10":{"start":{"line":64,"column":39},"end":{"line":66,"column":26}},"11":{"start":{"line":65,"column":4},"end":{"line":65,"column":35}},"12":{"start":{"line":68,"column":29},"end":{"line":70,"column":8}},"13":{"start":{"line":69,"column":4},"end":{"line":69,"column":31}},"14":{"start":{"line":72,"column":30},"end":{"line":74,"column":8}},"15":{"start":{"line":73,"column":4},"end":{"line":73,"column":32}},"16":{"start":{"line":76,"column":25},"end":{"line":114,"column":33}},"17":{"start":{"line":77,"column":4},"end":{"line":79,"column":5}},"18":{"start":{"line":78,"column":6},"end":{"line":78,"column":58}},"19":{"start":{"line":80,"column":4},"end":{"line":82,"column":5}},"20":{"start":{"line":81,"column":6},"end":{"line":81,"column":50}},"21":{"start":{"line":84,"column":27},"end":{"line":91,"column":5}},"22":{"start":{"line":93,"column":4},"end":{"line":93,"column":34}},"23":{"start":{"line":95,"column":4},"end":{"line":113,"column":5}},"24":{"start":{"line":96,"column":19},"end":{"line":96,"column":54}},"25":{"start":{"line":97,"column":26},"end":{"line":97,"column":54}},"26":{"start":{"line":98,"column":28},"end":{"line":101,"column":7}},"27":{"start":{"line":102,"column":6},"end":{"line":102,"column":73}},"28":{"start":{"line":103,"column":6},"end":{"line":103,"column":14}},"29":{"start":{"line":104,"column":6},"end":{"line":104,"column":29}},"30":{"start":{"line":105,"column":6},"end":{"line":108,"column":9}},"31":{"start":{"line":109,"column":6},"end":{"line":109,"column":38}},"32":{"start":{"line":111,"column":6},"end":{"line":111,"column":27}},"33":{"start":{"line":112,"column":6},"end":{"line":112,"column":44}},"34":{"start":{"line":125,"column":2},"end":{"line":177,"column":4}},"35":{"start":{"line":154,"column":33},"end":{"line":154,"column":73}},"36":{"start":{"line":160,"column":33},"end":{"line":160,"column":73}}},"fnMap":{"0":{"name":"(anonymous_0)","decl":{"start":{"line":41,"column":27},"end":{"line":41,"column":28}},"loc":{"start":{"line":41,"column":33},"end":{"line":178,"column":1}},"line":41},"1":{"name":"(anonymous_1)","decl":{"start":{"line":64,"column":51},"end":{"line":64,"column":52}},"loc":{"start":{"line":64,"column":92},"end":{"line":66,"column":3}},"line":64},"2":{"name":"(anonymous_2)","decl":{"start":{"line":68,"column":41},"end":{"line":68,"column":42}},"loc":{"start":{"line":68,"column":47},"end":{"line":70,"column":3}},"line":68},"3":{"name":"(anonymous_3)","decl":{"start":{"line":72,"column":42},"end":{"line":72,"column":43}},"loc":{"start":{"line":72,"column":48},"end":{"line":74,"column":3}},"line":72},"4":{"name":"(anonymous_4)","decl":{"start":{"line":76,"column":37},"end":{"line":76,"column":38}},"loc":{"start":{"line":76,"column":62},"end":{"line":114,"column":3}},"line":76},"5":{"name":"(anonymous_5)","decl":{"start":{"line":154,"column":27},"end":{"line":154,"column":28}},"loc":{"start":{"line":154,"column":33},"end":{"line":154,"column":73}},"line":154},"6":{"name":"(anonymous_6)","decl":{"start":{"line":160,"column":27},"end":{"line":160,"column":28}},"loc":{"start":{"line":160,"column":33},"end":{"line":160,"column":73}},"line":160}},"branchMap":{"0":{"loc":{"start":{"line":77,"column":4},"end":{"line":79,"column":5}},"type":"if","locations":[{"start":{"line":77,"column":4},"end":{"line":79,"column":5}},{"start":{},"end":{}}],"line":77},"1":{"loc":{"start":{"line":80,"column":4},"end":{"line":82,"column":5}},"type":"if","locations":[{"start":{"line":80,"column":4},"end":{"line":82,"column":5}},{"start":{},"end":{}}],"line":80},"2":{"loc":{"start":{"line":97,"column":26},"end":{"line":97,"column":54}},"type":"cond-expr","locations":[{"start":{"line":97,"column":33},"end":{"line":97,"column":49}},{"start":{"line":97,"column":52},"end":{"line":97,"column":54}}],"line":97},"3":{"loc":{"start":{"line":141,"column":21},"end":{"line":141,"column":55}},"type":"binary-expr","locations":[{"start":{"line":141,"column":21},"end":{"line":141,"column":32}},{"start":{"line":141,"column":36},"end":{"line":141,"column":55}}],"line":141},"4":{"loc":{"start":{"line":148,"column":21},"end":{"line":148,"column":59}},"type":"binary-expr","locations":[{"start":{"line":148,"column":21},"end":{"line":148,"column":34}},{"start":{"line":148,"column":38},"end":{"line":148,"column":59}}],"line":148}},"s":{"0":1,"1":1,"2":2,"3":2,"4":2,"5":2,"6":2,"7":2,"8":2,"9":2,"10":2,"11":0,"12":2,"13":1,"14":2,"15":0,"16":2,"17":0,"18":0,"19":0,"20":0,"21":0,"22":0,"23":0,"24":0,"25":0,"26":0,"27":0,"28":0,"29":0,"30":0,"31":0,"32":0,"33":0,"34":2,"35":0,"36":0},"f":{"0":2,"1":0,"2":1,"3":0,"4":0,"5":0,"6":0},"b":{"0":[0,0],"1":[0,0],"2":[0,0],"3":[2,0],"4":[2,0]},"_coverageSchema":"1a1c01bbd47fc00a2c39e90264f33305004495a9","hash":"766b19240fd6418b511f2726efb0864d620805cd"}
,"/Volumes/SSD_DOCK/projetos-novos/rocketseat/react-native/gofinances/src/screens/Register/styles.ts": {"path":"/Volumes/SSD_DOCK/projetos-novos/rocketseat/react-native/gofinances/src/screens/Register/styles.ts","statementMap":{"0":{"start":{"line":4,"column":25},"end":{"line":7,"column":1}},"1":{"start":{"line":6,"column":37},"end":{"line":6,"column":60}},"2":{"start":{"line":9,"column":22},"end":{"line":16,"column":1}},"3":{"start":{"line":10,"column":37},"end":{"line":10,"column":57}},"4":{"start":{"line":18,"column":21},"end":{"line":22,"column":1}},"5":{"start":{"line":19,"column":32},"end":{"line":19,"column":51}},"6":{"start":{"line":20,"column":26},"end":{"line":20,"column":44}},"7":{"start":{"line":24,"column":20},"end":{"line":29,"column":1}},"8":{"start":{"line":31,"column":22},"end":{"line":31,"column":35}},"9":{"start":{"line":33,"column":33},"end":{"line":38,"column":1}}},"fnMap":{"0":{"name":"(anonymous_0)","decl":{"start":{"line":6,"column":22},"end":{"line":6,"column":23}},"loc":{"start":{"line":6,"column":37},"end":{"line":6,"column":60}},"line":6},"1":{"name":"(anonymous_1)","decl":{"start":{"line":10,"column":22},"end":{"line":10,"column":23}},"loc":{"start":{"line":10,"column":37},"end":{"line":10,"column":57}},"line":10},"2":{"name":"(anonymous_2)","decl":{"start":{"line":19,"column":17},"end":{"line":19,"column":18}},"loc":{"start":{"line":19,"column":32},"end":{"line":19,"column":51}},"line":19},"3":{"name":"(anonymous_3)","decl":{"start":{"line":20,"column":11},"end":{"line":20,"column":12}},"loc":{"start":{"line":20,"column":26},"end":{"line":20,"column":44}},"line":20}},"branchMap":{},"s":{"0":1,"1":2,"2":1,"3":2,"4":1,"5":2,"6":2,"7":1,"8":1,"9":1},"f":{"0":2,"1":2,"2":2,"3":2},"b":{},"_coverageSchema":"1a1c01bbd47fc00a2c39e90264f33305004495a9","hash":"aa2907af453b6f391520d2d43a64bf0ba91331d3"}
,"/Volumes/SSD_DOCK/projetos-novos/rocketseat/react-native/gofinances/src/utils/categories.ts": {"path":"/Volumes/SSD_DOCK/projetos-novos/rocketseat/react-native/gofinances/src/utils/categories.ts","statementMap":{"0":{"start":{"line":1,"column":26},"end":{"line":8,"column":1}}},"fnMap":{},"branchMap":{},"s":{"0":1},"f":{},"b":{},"_coverageSchema":"1a1c01bbd47fc00a2c39e90264f33305004495a9","hash":"6b6ad173b3552b2ab2fea569854e0c2924927519"}
}
